<?xml version="1.0" encoding="UTF-8"?>
<robot generator="Robot 7.3.2 (Python 3.14.0 on win32)" generated="2025-10-21T17:18:04.379732" rpa="false" schemaversion="5">
<suite id="s1" name="Suites" source="D:\Repo Local\crud_app\tests\robot\suites">
<suite id="s1-s1" name="Login" source="D:\Repo Local\crud_app\tests\robot\suites\login.robot">
<test id="s1-s1-t1" name="Login Bem-Sucedido Como Admin" line="7">
<kw name="Open Browser" owner="SeleniumLibrary">
<msg time="2025-10-21T17:18:04.536229" level="INFO">Opening browser 'Chrome' to base url 'http://localhost:8000/login'.</msg>
<arg>${BASE_URL}/login</arg>
<arg>${BROWSER}</arg>
<doc>Opens a new browser instance to the optional ``url``.</doc>
<status status="PASS" start="2025-10-21T17:18:04.536004" elapsed="3.807638"/>
</kw>
<kw name="Input Text" owner="SeleniumLibrary">
<msg time="2025-10-21T17:18:08.344677" level="INFO">Typing text 'admin' into text field 'name:username'.</msg>
<arg>name:username</arg>
<arg>${ADMIN_USER}</arg>
<doc>Types the given ``text`` into the text field identified by ``locator``.</doc>
<status status="PASS" start="2025-10-21T17:18:08.344116" elapsed="0.060071"/>
</kw>
<kw name="Input Password" owner="SeleniumLibrary">
<msg time="2025-10-21T17:18:08.405011" level="INFO">Typing password into text field 'name:password'.</msg>
<msg time="2025-10-21T17:18:08.424600" level="INFO">Temporally setting log level to: NONE</msg>
<arg>name:password</arg>
<arg>${ADMIN_PASS}</arg>
<doc>Types the given password into the text field identified by ``locator``.</doc>
<status status="PASS" start="2025-10-21T17:18:08.404648" elapsed="0.046662"/>
</kw>
<kw name="Click Button" owner="SeleniumLibrary">
<msg time="2025-10-21T17:18:08.451912" level="INFO">Clicking button 'Entrar'.</msg>
<arg>Entrar</arg>
<doc>Clicks the button identified by ``locator``.</doc>
<status status="PASS" start="2025-10-21T17:18:08.451662" elapsed="0.377815"/>
</kw>
<kw name="Page Should Contain" owner="SeleniumLibrary">
<msg time="2025-10-21T17:18:08.846358" level="INFO">Current page contains text 'Olá, admin! Papel: ADMIN.'.</msg>
<arg>Olá, admin! Papel: ADMIN.</arg>
<doc>Verifies that current page contains ``text``.</doc>
<status status="PASS" start="2025-10-21T17:18:08.829838" elapsed="0.016619"/>
</kw>
<kw name="Close Browser" owner="SeleniumLibrary">
<doc>Closes the current browser.</doc>
<status status="PASS" start="2025-10-21T17:18:08.846712" elapsed="2.115924"/>
</kw>
<doc>Verifica se o admin consegue logar e ver a mensagem de sucesso</doc>
<status status="PASS" start="2025-10-21T17:18:04.535130" elapsed="6.427846"/>
</test>
<doc>Teste de login no sistema Flask</doc>
<status status="PASS" start="2025-10-21T17:18:04.399052" elapsed="6.564505"/>
</suite>
<status status="PASS" start="2025-10-21T17:18:04.380747" elapsed="6.583457"/>
</suite>
<statistics>
<total>
<stat pass="1" fail="0" skip="0">All Tests</stat>
</total>
<tag>
</tag>
<suite>
<stat name="Suites" id="s1" pass="1" fail="0" skip="0">Suites</stat>
<stat name="Login" id="s1-s1" pass="1" fail="0" skip="0">Suites.Login</stat>
</suite>
</statistics>
<errors>
</errors>
</robot>
